# JRE version: Java(TM) SE Runtime Environment (17.0.1+12) (build 17.0.1+12-LTS-39)
# Java VM: Java HotSpot(TM) 64-Bit Server VM (17.0.1+12-LTS-39, mixed mode, sharing, tiered, compressed oops, compressed class ptrs, g1 gc, windows-amd64)
GC Precious Log:
 CPUs: 8 total, 8 available
 Memory: 8071M
 Large Page Support: Disabled
 NUMA Support: Disabled
 Compressed Oops: Enabled (32-bit)
 Heap Region Size: 1M
 Heap Min Capacity: 8M
 Heap Initial Capacity: 128M
 Heap Max Capacity: 2018M
 Pre-touch: Disabled
 Parallel Workers: 8
 Concurrent Workers: 2
 Concurrent Refinement Workers: 8
 Periodic GC: Disabled
Heap:
 garbage-first heap   total 48128K, used 39133K [0x0000000081e00000, 0x0000000100000000)
  region size 1024K, 16 young (16384K), 1 survivors (1024K)
 Metaspace       used 55327K, committed 55744K, reserved 1097728K
  class space    used 7004K, committed 7232K, reserved 1048576K
GC Heap History (20 events):
Event: 266.261 GC heap before
{Heap before GC invocations=63 (full 0):
 garbage-first heap   total 48128K, used 40101K [0x0000000081e00000, 0x0000000100000000)
  region size 1024K, 16 young (16384K), 1 survivors (1024K)
 Metaspace       used 55319K, committed 55744K, reserved 1097728K
  class space    used 7001K, committed 7232K, reserved 1048576K
}
Event: 266.262 GC heap after
{Heap after GC invocations=64 (full 0):
 garbage-first heap   total 48128K, used 24748K [0x0000000081e00000, 0x0000000100000000)
  region size 1024K, 1 young (1024K), 1 survivors (1024K)
 Metaspace       used 55319K, committed 55744K, reserved 1097728K
  class space    used 7001K, committed 7232K, reserved 1048576K
}
Event: 267.219 GC heap before
{Heap before GC invocations=65 (full 0):
 garbage-first heap   total 48128K, used 40108K [0x0000000081e00000, 0x0000000100000000)
  region size 1024K, 16 young (16384K), 1 survivors (1024K)
 Metaspace       used 55319K, committed 55744K, reserved 1097728K
  class space    used 7001K, committed 7232K, reserved 1048576K
}
Event: 267.219 GC heap after
{Heap after GC invocations=66 (full 0):
 garbage-first heap   total 48128K, used 24746K [0x0000000081e00000, 0x0000000100000000)
  region size 1024K, 1 young (1024K), 1 survivors (1024K)
 Metaspace       used 55319K, committed 55744K, reserved 1097728K
  class space    used 7001K, committed 7232K, reserved 1048576K
}
Event: 268.288 GC heap before
{Heap before GC invocations=66 (full 0):
 garbage-first heap   total 48128K, used 40106K [0x0000000081e00000, 0x0000000100000000)
  region size 1024K, 16 young (16384K), 1 survivors (1024K)
 Metaspace       used 55321K, committed 55744K, reserved 1097728K
  class space    used 7002K, committed 7232K, reserved 1048576K
}
Event: 268.289 GC heap after
{Heap after GC invocations=67 (full 0):
 garbage-first heap   total 48128K, used 24755K [0x0000000081e00000, 0x0000000100000000)
  region size 1024K, 1 young (1024K), 1 survivors (1024K)
 Metaspace       used 55321K, committed 55744K, reserved 1097728K
  class space    used 7002K, committed 7232K, reserved 1048576K
}
Event: 269.265 GC heap before
{Heap before GC invocations=68 (full 0):
 garbage-first heap   total 48128K, used 40115K [0x0000000081e00000, 0x0000000100000000)
  region size 1024K, 16 young (16384K), 1 survivors (1024K)
 Metaspace       used 55322K, committed 55744K, reserved 1097728K
  class space    used 7002K, committed 7232K, reserved 1048576K
}
Event: 269.266 GC heap after
{Heap after GC invocations=69 (full 0):
 garbage-first heap   total 48128K, used 24769K [0x0000000081e00000, 0x0000000100000000)
  region size 1024K, 1 young (1024K), 1 survivors (1024K)
 Metaspace       used 55322K, committed 55744K, reserved 1097728K
  class space    used 7002K, committed 7232K, reserved 1048576K
}
Event: 270.294 GC heap before
{Heap before GC invocations=69 (full 0):
 garbage-first heap   total 48128K, used 40129K [0x0000000081e00000, 0x0000000100000000)
  region size 1024K, 16 young (16384K), 1 survivors (1024K)
 Metaspace       used 55323K, committed 55744K, reserved 1097728K
  class space    used 7002K, committed 7232K, reserved 1048576K
}
Event: 270.295 GC heap after
{Heap after GC invocations=70 (full 0):
 garbage-first heap   total 48128K, used 24778K [0x0000000081e00000, 0x0000000100000000)
  region size 1024K, 1 young (1024K), 1 survivors (1024K)
 Metaspace       used 55323K, committed 55744K, reserved 1097728K
  class space    used 7002K, committed 7232K, reserved 1048576K
}
Event: 271.149 GC heap before
{Heap before GC invocations=71 (full 0):
 garbage-first heap   total 48128K, used 40138K [0x0000000081e00000, 0x0000000100000000)
  region size 1024K, 16 young (16384K), 1 survivors (1024K)
 Metaspace       used 55324K, committed 55744K, reserved 1097728K
  class space    used 7002K, committed 7232K, reserved 1048576K
}
Event: 271.150 GC heap after
{Heap after GC invocations=72 (full 0):
 garbage-first heap   total 48128K, used 24773K [0x0000000081e00000, 0x0000000100000000)
  region size 1024K, 1 young (1024K), 1 survivors (1024K)
 Metaspace       used 55324K, committed 55744K, reserved 1097728K
  class space    used 7002K, committed 7232K, reserved 1048576K
}
Event: 272.123 GC heap before
{Heap before GC invocations=72 (full 0):
 garbage-first heap   total 48128K, used 40133K [0x0000000081e00000, 0x0000000100000000)
  region size 1024K, 16 young (16384K), 1 survivors (1024K)
 Metaspace       used 55324K, committed 55744K, reserved 1097728K
  class space    used 7002K, committed 7232K, reserved 1048576K
}
Event: 272.125 GC heap after
{Heap after GC invocations=73 (full 0):
 garbage-first heap   total 48128K, used 24791K [0x0000000081e00000, 0x0000000100000000)
  region size 1024K, 1 young (1024K), 1 survivors (1024K)
 Metaspace       used 55324K, committed 55744K, reserved 1097728K
  class space    used 7002K, committed 7232K, reserved 1048576K
}
Event: 273.135 GC heap before
{Heap before GC invocations=74 (full 0):
 garbage-first heap   total 48128K, used 40151K [0x0000000081e00000, 0x0000000100000000)
  region size 1024K, 16 young (16384K), 1 survivors (1024K)
 Metaspace       used 55325K, committed 55744K, reserved 1097728K
  class space    used 7002K, committed 7232K, reserved 1048576K
}
Event: 273.136 GC heap after
{Heap after GC invocations=75 (full 0):
 garbage-first heap   total 48128K, used 24777K [0x0000000081e00000, 0x0000000100000000)
  region size 1024K, 1 young (1024K), 1 survivors (1024K)
 Metaspace       used 55325K, committed 55744K, reserved 1097728K
  class space    used 7002K, committed 7232K, reserved 1048576K
}
Event: 273.859 GC heap before
{Heap before GC invocations=75 (full 0):
 garbage-first heap   total 48128K, used 40137K [0x0000000081e00000, 0x0000000100000000)
  region size 1024K, 16 young (16384K), 1 survivors (1024K)
 Metaspace       used 55325K, committed 55744K, reserved 1097728K
  class space    used 7002K, committed 7232K, reserved 1048576K
}
Event: 273.860 GC heap after
{Heap after GC invocations=76 (full 0):
 garbage-first heap   total 48128K, used 24798K [0x0000000081e00000, 0x0000000100000000)
  region size 1024K, 1 young (1024K), 1 survivors (1024K)
 Metaspace       used 55325K, committed 55744K, reserved 1097728K
  class space    used 7002K, committed 7232K, reserved 1048576K
}
Event: 274.705 GC heap before
{Heap before GC invocations=77 (full 0):
 garbage-first heap   total 48128K, used 40158K [0x0000000081e00000, 0x0000000100000000)
  region size 1024K, 16 young (16384K), 1 survivors (1024K)
 Metaspace       used 55325K, committed 55744K, reserved 1097728K
  class space    used 7002K, committed 7232K, reserved 1048576K
}
Event: 274.705 GC heap after
{Heap after GC invocations=78 (full 0):
 garbage-first heap   total 48128K, used 24797K [0x0000000081e00000, 0x0000000100000000)
  region size 1024K, 1 young (1024K), 1 survivors (1024K)
 Metaspace       used 55325K, committed 55744K, reserved 1097728K
  class space    used 7002K, committed 7232K, reserved 1048576K
}

